
========================================
Company : ABB
Year : Mar 2024
Metric : ROCE
Source : 46.00
Calculated : 38.42
Difference : 7.58
Category : Version Difference



========================================
Company : ADANIENT
Year : Mar 2024
Metric : ROE
Source : 13.64
Calculated : 8.53
Difference : 5.11
Category : Version Difference



========================================
Company : ADANIGREEN
Year : Mar 2024
Metric : ROCE
Source : 96.50
Calculated : 9.80
Difference : 86.70
Category : Version Difference



========================================
Company : ADANIPOWER
Year : Mar 2024
Metric : ROE
Source : 57.10
Calculated : 48.28
Difference : 8.82
Category : Version Difference



========================================
Company : ADANIPOWER
Year : Mar 2024
Metric : ROCE
Source : 32.20
Calculated : 23.44
Difference : 8.76
Category : Version Difference



========================================
Company : ASIANPAINT
Year : Mar 2024
Metric : ROCE
Source : 41.75
Calculated : 35.77
Difference : 5.98
Category : Version Difference



========================================
Company : BAJAJ-AUTO
Year : Mar 2024
Metric : ROCE
Source : 33.50
Calculated : 28.39
Difference : 5.11
Category : Version Difference



========================================
Company : BAJAJFINSV
Year : Mar 2024
Metric : ROE
Source : 11.72
Calculated : 25.85
Difference : 14.13
Category : Version Difference



========================================
Company : BAJAJFINSV
Year : Mar 2024
Metric : ROCE
Source : 21.14
Calculated : 11.71
Difference : 9.43
Category : Version Difference



========================================
Company : BAJAJHLDNG
Year : Mar 2024
Metric : ROCE
Source : 13.10
Calculated : 2.88
Difference : 10.22
Category : Version Difference



========================================
Company : BAJFINANCE
Year : Mar 2024
Metric : ROCE
Source : 11.90
Calculated : 4.35
Difference : 7.55
Category : Version Difference



========================================
Company : BEL
Year : Mar 2024
Metric : ROE
Source : 26.30
Calculated : 4744.05
Difference : 4717.75
Category : Version Difference



========================================
Company : BEL
Year : Mar 2024
Metric : ROCE
Source : 34.60
Calculated : 3977.17
Difference : 3942.57
Category : Version Difference



========================================
Company : BHARTIARTL
Year : Mar 2024
Metric : ROCE
Source : 13.10
Calculated : 26.25
Difference : 13.15
Category : Version Difference



========================================
Company : BPCL
Year : Mar 2024
Metric : ROE
Source : 41.90
Calculated : 35.51
Difference : 6.39
Category : Version Difference



========================================
Company : CHOLAFIN
Year : Mar 2024
Metric : ROCE
Source : 10.40
Calculated : 3.50
Difference : 6.90
Category : Version Difference



========================================
Company : CIPLA
Year : Mar 2024
Metric : ROCE
Source : 22.80
Calculated : 71.46
Difference : 48.66
Category : Version Difference



========================================
Company : COALINDIA
Year : Mar 2024
Metric : ROE
Source : 52.00
Calculated : 45.17
Difference : 6.83
Category : Version Difference



========================================
Company : COALINDIA
Year : Mar 2024
Metric : ROCE
Source : 63.60
Calculated : 105.71
Difference : 42.11
Category : Version Difference



========================================
Company : EICHERMOT
Year : Mar 2024
Metric : ROCE
Source : 31.10
Calculated : 23.45
Difference : 7.65
Category : Version Difference



========================================
Company : GODREJCP
Year : Mar 2024
Metric : ROE
Source : 6.77
Calculated : -4.45
Difference : 11.22
Category : Version Difference



========================================
Company : GODREJCP
Year : Mar 2024
Metric : ROCE
Source : 26.49
Calculated : 18.69
Difference : 7.80
Category : Version Difference



========================================
Company : HAL
Year : Mar 2024
Metric : ROE
Source : 28.90
Calculated : 3816.58
Difference : 3787.68
Category : Version Difference



========================================
Company : HAL
Year : Mar 2024
Metric : ROCE
Source : 38.90
Calculated : 3027.64
Difference : 2988.74
Category : Version Difference



========================================
Company : HDFCLIFE
Year : Mar 2024
Metric : ROCE
Source : 6.61
Calculated : 646.46
Difference : 639.85
Category : Version Difference



========================================
Company : HEROMOTOCO
Year : Mar 2024
Metric : ROCE
Source : 29.10
Calculated : 177.84
Difference : 148.74
Category : Version Difference



========================================
Company : HINDALCO
Year : Mar 2024
Metric : ROCE
Source : 11.30
Calculated : 118.21
Difference : 106.91
Category : Version Difference



========================================
Company : HINDUNILVR
Year : Mar 2024
Metric : ROCE
Source : 27.20
Calculated : 89.63
Difference : 62.43
Category : Version Difference



========================================
Company : ICICIGI
Year : Mar 2024
Metric : ROCE
Source : 22.50
Calculated : 146.32
Difference : 123.82
Category : Version Difference



========================================
Company : ICICIPRULI
Year : Mar 2024
Metric : ROCE
Source : 8.75
Calculated : 754.90
Difference : 746.15
Category : Version Difference



========================================
Company : INDIGO
Year : Mar 2024
Metric : ROE
Source : nan
Calculated : 892.57
Difference : nan
Category : Version Difference



========================================
Company : INDIGO
Year : Mar 2024
Metric : ROCE
Source : 24.50
Calculated : 5640.88
Difference : 5616.38
Category : Version Difference



========================================
Company : IRCTC
Year : Mar 2024
Metric : ROE
Source : 40.40
Calculated : 34.40
Difference : 6.00
Category : Version Difference



========================================
Company : IRCTC
Year : Mar 2024
Metric : ROCE
Source : 53.80
Calculated : 44.56
Difference : 9.24
Category : Version Difference



========================================
Company : LICI
Year : Mar 2024
Metric : ROE
Source : 63.61
Calculated : 49.45
Difference : 14.16
Category : Version Difference



========================================
Company : LICI
Year : Mar 2024
Metric : ROCE
Source : 63.79
Calculated : 39.61
Difference : 24.18
Category : Version Difference



========================================
Company : LT
Year : Mar 2024
Metric : ROE
Source : 10.49
Calculated : 77.67
Difference : 67.18
Category : Version Difference



========================================
Company : LT
Year : Mar 2024
Metric : ROCE
Source : 17.18
Calculated : 135.20
Difference : 118.02
Category : Version Difference



========================================
Company : LTIM
Year : Mar 2024
Metric : ROCE
Source : 34.10
Calculated : 28.91
Difference : 5.19
Category : Version Difference



========================================
Company : M&M
Year : Mar 2024
Metric : ROCE
Source : 26.98
Calculated : 14.24
Difference : 12.74
Category : Version Difference



========================================
Company : MOTHERSON
Year : Mar 2024
Metric : ROCE
Source : 13.70
Calculated : 20.23
Difference : 6.53
Category : Version Difference



========================================
Company : NESTLEIND
Year : Mar 2024
Metric : ROE
Source : 135.61
Calculated : 117.75
Difference : 17.86
Category : Version Difference



========================================
Company : NESTLEIND
Year : Mar 2024
Metric : ROCE
Source : 185.43
Calculated : 157.75
Difference : 27.68
Category : Version Difference



========================================
Company : PFC
Year : Mar 2024
Metric : ROE
Source : 19.49
Calculated : 26.16
Difference : 6.67
Category : Version Difference



========================================
Company : PFC
Year : Mar 2024
Metric : ROCE
Source : 9.96
Calculated : 3.49
Difference : 6.47
Category : Version Difference



========================================
Company : PNB
Year : Mar 2024
Metric : ROE
Source : 8.70
Calculated : 61.32
Difference : 52.62
Category : Version Difference



========================================
Company : PNB
Year : Mar 2024
Metric : ROCE
Source : 1.63
Calculated : nan
Difference : nan
Category : Data Source Issue



========================================
Company : POWERGRID
Year : Mar 2024
Metric : ROCE
Source : 13.20
Calculated : 18.91
Difference : 5.71
Category : Version Difference



========================================
Company : SBILIFE
Year : Mar 2024
Metric : ROCE
Source : 13.20
Calculated : 1.65
Difference : 11.55
Category : Version Difference



========================================
Company : SHREECEM
Year : Mar 2024
Metric : ROCE
Source : 14.80
Calculated : 20.21
Difference : 5.41
Category : Version Difference



========================================
Company : SHRIRAMFIN
Year : Mar 2024
Metric : ROCE
Source : 11.30
Calculated : 4.30
Difference : 7.00
Category : Version Difference



========================================
Company : SIEMENS
Year : Sep 2024
Metric : ROCE
Source : 25.60
Calculated : 19.85
Difference : 5.75
Category : Version Difference



========================================
Company : TATAMOTORS
Year : Mar 2024
Metric : ROE
Source : 49.40
Calculated : 37.46
Difference : 11.94
Category : Version Difference



========================================
Company : TATAMOTORS
Year : Mar 2024
Metric : ROCE
Source : 20.10
Calculated : 30.98
Difference : 10.88
Category : Version Difference



========================================
Company : TATASTEEL
Year : Mar 2024
Metric : ROE
Source : 6.55
Calculated : -5.33
Difference : 11.88
Category : Version Difference



========================================
Company : TATASTEEL
Year : Mar 2024
Metric : ROCE
Source : 7.02
Calculated : 12.42
Difference : 5.40
Category : Version Difference



========================================
Company : TCS
Year : Mar 2024
Metric : ROE
Source : 0.52
Calculated : 50.94
Difference : 50.42
Category : Data Source Issue



========================================
Company : TORNTPHARM
Year : Mar 2024
Metric : ROCE
Source : 23.20
Calculated : 30.96
Difference : 7.76
Category : Version Difference



========================================
Company : TRENT
Year : Mar 2024
Metric : ROE
Source : 27.20
Calculated : 36.31
Difference : 9.11
Category : Version Difference



========================================
Company : TRENT
Year : Mar 2024
Metric : ROCE
Source : 23.80
Calculated : 33.86
Difference : 10.06
Category : Version Difference



========================================
Company : TVSMOTOR
Year : Mar 2024
Metric : ROE
Source : nan
Calculated : 26.22
Difference : nan
Category : Version Difference



========================================
Company : TVSMOTOR
Year : Mar 2024
Metric : ROCE
Source : nan
Calculated : 16.77
Difference : nan
Category : Version Difference


